生成启动时间为 2012/10/13 22:20:51。
     1>项目“E:\游戏开发\projectmonkeygit\source\client\NewLegend\NewLegend\proj.win32\NewLegend.win32.vcxproj”在节点 2 上(build 个目标)。
     1>InitializeBuildStatus:
         正在创建“Release.win32\NewLegend.win32.unsuccessfulbuild”，因为已指定“AlwaysCreate”。
       ClCompile:
         所有输出均为最新。
         所有输出均为最新。
       ResourceCompile:
         所有输出均为最新。
       Link:
         所有输出均为最新。
         NewLegend.win32.vcxproj -> E:\游戏开发\projectmonkeygit\source\client\NewLegend\Release.win32\NewLegend.win32.exe
       PostBuildEvent:
         copy /Y ..\..\..\thirdparty\cocos2d-2.0-x\Release.win32\*.dll E:\游戏开发\projectmonkeygit\source\client\NewLegend\Release.win32\
         :VCEnd
         ..\..\..\thirdparty\cocos2d-2.0-x\Release.win32\glew32.dll
         ..\..\..\thirdparty\cocos2d-2.0-x\Release.win32\iconv.dll
         ..\..\..\thirdparty\cocos2d-2.0-x\Release.win32\libcocos2d.dll
         ..\..\..\thirdparty\cocos2d-2.0-x\Release.win32\libCocosDenshion.dll
         ..\..\..\thirdparty\cocos2d-2.0-x\Release.win32\libcurl.dll
         ..\..\..\thirdparty\cocos2d-2.0-x\Release.win32\libtiff.dll
         ..\..\..\thirdparty\cocos2d-2.0-x\Release.win32\libxml2.dll
         ..\..\..\thirdparty\cocos2d-2.0-x\Release.win32\mozjs.dll
         ..\..\..\thirdparty\cocos2d-2.0-x\Release.win32\pthreadVCE2.dll
         ..\..\..\thirdparty\cocos2d-2.0-x\Release.win32\zlib1.dll
         已复制        10 个文件。
       FinalizeBuildStatus:
         正在删除文件“Release.win32\NewLegend.win32.unsuccessfulbuild”。
         正在对“Release.win32\NewLegend.win32.lastbuildstate”执行 Touch 任务。
     1>已完成生成项目“E:\游戏开发\projectmonkeygit\source\client\NewLegend\NewLegend\proj.win32\NewLegend.win32.vcxproj”(build 个目标)的操作。

生成成功。

已用时间 00:00:00.46
