Build started 2012-9-27 10:33:18.
     1>Project "F:\Demo\projectmonkeygit\source\client\NewLegend\NewLegend\proj.win32\NewLegend.win32.vcxproj" on node 2 (build target(s)).
     1>InitializeBuildStatus:
         Creating "Debug.win32\NewLegend.win32.unsuccessfulbuild" because "AlwaysCreate" was specified.
       ClCompile:
         All outputs are up-to-date.
         All outputs are up-to-date.
       ResourceCompile:
         All outputs are up-to-date.
       ManifestResourceCompile:
         All outputs are up-to-date.
       Link:
         All outputs are up-to-date.
       Manifest:
         All outputs are up-to-date.
       PostBuildEvent:
         copy /Y ..\..\..\thirdparty\cocos2d-2.0-x\Debug.win32\*.dll F:\Demo\projectmonkeygit\source\client\NewLegend\Debug.win32\
         :VCEnd
         ..\..\..\thirdparty\cocos2d-2.0-x\Debug.win32\glew32.dll
         ..\..\..\thirdparty\cocos2d-2.0-x\Debug.win32\iconv.dll
         ..\..\..\thirdparty\cocos2d-2.0-x\Debug.win32\libcocos2d.dll
         ..\..\..\thirdparty\cocos2d-2.0-x\Debug.win32\libCocosDenshion.dll
         ..\..\..\thirdparty\cocos2d-2.0-x\Debug.win32\libcurl.dll
         ..\..\..\thirdparty\cocos2d-2.0-x\Debug.win32\libtiff.dll
         ..\..\..\thirdparty\cocos2d-2.0-x\Debug.win32\libxml2.dll
         ..\..\..\thirdparty\cocos2d-2.0-x\Debug.win32\mozjs.dll
         ..\..\..\thirdparty\cocos2d-2.0-x\Debug.win32\pthreadVCE2.dll
         ..\..\..\thirdparty\cocos2d-2.0-x\Debug.win32\zlib1.dll
         已复制        10 个文件。
       FinalizeBuildStatus:
         Deleting file "Debug.win32\NewLegend.win32.unsuccessfulbuild".
         Touching "Debug.win32\NewLegend.win32.lastbuildstate".
     1>Done Building Project "F:\Demo\projectmonkeygit\source\client\NewLegend\NewLegend\proj.win32\NewLegend.win32.vcxproj" (build target(s)).

Build succeeded.

Time Elapsed 00:00:02.57
